<?xml version="1.0" encoding="UTF-8"?>
<testng-results skipped="0" failed="0" total="2" passed="2">
  <reporter-output>
  </reporter-output>
  <suite name="com.hrm.orange.test.AppTest" duration-ms="28838" started-at="2016-11-07T12:03:34Z" finished-at="2016-11-07T12:04:03Z">
    <groups>
    </groups>
    <test name="Command line test" duration-ms="28838" started-at="2016-11-07T12:03:34Z" finished-at="2016-11-07T12:04:03Z">
      <class name="com.hrm.orange.test.AppTest">
        <test-method status="PASS" signature="beforeTest()[pri:0, instance:com.hrm.orange.test.AppTest@5cc125d9]" name="beforeTest" is-config="true" duration-ms="15" started-at="2016-11-07T17:33:34Z" finished-at="2016-11-07T17:33:34Z">
          <reporter-output>
          </reporter-output>
        </test-method> <!-- beforeTest -->
        <test-method status="PASS" signature="beforeClass()[pri:0, instance:com.hrm.orange.test.AppTest@5cc125d9]" name="beforeClass" is-config="true" duration-ms="0" started-at="2016-11-07T17:33:34Z" finished-at="2016-11-07T17:33:34Z">
          <reporter-output>
          </reporter-output>
        </test-method> <!-- beforeClass -->
        <test-method status="PASS" signature="VerifyLoginFailure()[pri:0, instance:com.hrm.orange.test.AppTest@5cc125d9]" name="VerifyLoginFailure" duration-ms="13243" started-at="2016-11-07T17:33:34Z" finished-at="2016-11-07T17:33:47Z">
          <reporter-output>
          </reporter-output>
        </test-method> <!-- VerifyLoginFailure -->
        <test-method status="PASS" signature="beforeMethod()[pri:0, instance:com.hrm.orange.test.AppTest@5cc125d9]" name="beforeMethod" is-config="true" duration-ms="0" started-at="2016-11-07T17:33:34Z" finished-at="2016-11-07T17:33:34Z">
          <reporter-output>
          </reporter-output>
        </test-method> <!-- beforeMethod -->
        <test-method status="PASS" signature="cleanUp(org.testng.ITestResult)[pri:0, instance:com.hrm.orange.test.AppTest@5cc125d9]" name="cleanUp" is-config="true" duration-ms="2" started-at="2016-11-07T17:33:47Z" finished-at="2016-11-07T17:33:48Z">
          <params>
            <param index="0">
              <value>
                <![CDATA[[TestResult name=VerifyLoginFailure status=SUCCESS method=AppTest.VerifyLoginFailure()[pri:0, instance:com.hrm.orange.test.AppTest@5cc125d9] output={null}]]]>
              </value>
            </param>
          </params>
          <reporter-output>
          </reporter-output>
        </test-method> <!-- cleanUp -->
        <test-method status="PASS" signature="beforeMethod()[pri:0, instance:com.hrm.orange.test.AppTest@5cc125d9]" name="beforeMethod" is-config="true" duration-ms="0" started-at="2016-11-07T17:33:48Z" finished-at="2016-11-07T17:33:48Z">
          <reporter-output>
          </reporter-output>
        </test-method> <!-- beforeMethod -->
        <test-method status="PASS" signature="VerifyLoginSuccess()[pri:0, instance:com.hrm.orange.test.AppTest@5cc125d9]" name="VerifyLoginSuccess" duration-ms="15308" started-at="2016-11-07T17:33:48Z" finished-at="2016-11-07T17:34:03Z">
          <reporter-output>
          </reporter-output>
        </test-method> <!-- VerifyLoginSuccess -->
        <test-method status="PASS" signature="cleanUp(org.testng.ITestResult)[pri:0, instance:com.hrm.orange.test.AppTest@5cc125d9]" name="cleanUp" is-config="true" duration-ms="1" started-at="2016-11-07T17:34:03Z" finished-at="2016-11-07T17:34:03Z">
          <params>
            <param index="0">
              <value>
                <![CDATA[[TestResult name=VerifyLoginSuccess status=SUCCESS method=AppTest.VerifyLoginSuccess()[pri:0, instance:com.hrm.orange.test.AppTest@5cc125d9] output={null}]]]>
              </value>
            </param>
          </params>
          <reporter-output>
          </reporter-output>
        </test-method> <!-- cleanUp -->
        <test-method status="PASS" signature="afterClass()[pri:0, instance:com.hrm.orange.test.AppTest@5cc125d9]" name="afterClass" is-config="true" duration-ms="0" started-at="2016-11-07T17:34:03Z" finished-at="2016-11-07T17:34:03Z">
          <reporter-output>
          </reporter-output>
        </test-method> <!-- afterClass -->
        <test-method status="PASS" signature="afterTest()[pri:0, instance:com.hrm.orange.test.AppTest@5cc125d9]" name="afterTest" is-config="true" duration-ms="255" started-at="2016-11-07T17:34:03Z" finished-at="2016-11-07T17:34:03Z">
          <reporter-output>
          </reporter-output>
        </test-method> <!-- afterTest -->
      </class> <!-- com.hrm.orange.test.AppTest -->
    </test> <!-- Command line test -->
  </suite> <!-- com.hrm.orange.test.AppTest -->
</testng-results>
